前30/miaobaitiao/app/build/outputs/logs/manifest-merger-release-report.txt
-- Merging decision tree log ---
manifest
ADDED from src/main/AndroidManifest.xml:2:1-84:12
	package
		ADDED from src/main/AndroidManifest.xml:4:5-38
		INJECTED from src/main/AndroidManifest.xml
		INJECTED from src/main/AndroidManifest.xml
	android:versionName
		INJECTED from src/main/AndroidManifest.xml
		INJECTED from src/main/AndroidManifest.xml
	xmlns:tools
		ADDED from src/main/AndroidManifest.xml:3:5-51
	xmlns:android
		ADDED from src/main/AndroidManifest.xml:2:11-69
	android:versionCode
		INJECTED from src/main/AndroidManifest.xml
		INJECTED from src/main/AndroidManifest.xml
uses-permission#android.permission.READ_EXTERNAL_STORAGE
ADDED from src/main/AndroidManifest.xml:6:5-80
	android:name
		ADDED from src/main/AndroidManifest.xml:6:22-77
uses-permission#android.permission.ACCESS_NETWORK_STATE
ADDED from src/main/AndroidManifest.xml:7:5-79
	android:name
		ADDED from src/main/AndroidManifest.xml:7:22-76
uses-permission#android.permission.ACCESS_WIFI_STATE
ADDED from src/main/AndroidManifest.xml:8:5-76
	android:name
		ADDED from src/main/AndroidManifest.xml:8:22-73
uses-permission#android.permission.INTERNET
ADDED from src/main/AndroidManifest.xml:9:5-67
	android:name
		ADDED from src/main/AndroidManifest.xml:9:22-64
uses-permission#android.permission.READ_PHONE_STATE
ADDED from src/main/AndroidManifest.xml:10:5-75
	android:name
		ADDED from src/main/AndroidManifest.xml:10:22-72
uses-permission#android.permission.WRITE_EXTERNAL_STORAGE
ADDED from src/main/AndroidManifest.xml:11:5-81
	android:name
		ADDED from src/main/AndroidManifest.xml:11:22-78
application
ADDED from src/main/AndroidManifest.xml:13:5-82:19
MERGED from [com.android.volley:volley:1.0.0] AndroidManifest.xml:9:5-20
MERGED from [me.majiajie:pager-bottom-tab-strip:1.0.0] AndroidManifest.xml:11:5-15:19
MERGED from [com.android.support.constraint:constraint-layout:1.0.0-beta4] AndroidManifest.xml:9:5-20
MERGED from [com.android.support:design:24.2.0] AndroidManifest.xml:22:5-20
MERGED from [com.kaopiz:kprogresshud:1.0.5] AndroidManifest.xml:11:5-13:38
MERGED from [com.sdsmdg.tastytoast:tastytoast:0.1.1] AndroidManifest.xml:11:5-12:19
MERGED from [cn.pedant.sweetalert:library:1.3] AndroidManifest.xml:11:5-20
MERGED from [com.pnikosis:materialish-progress:1.0] AndroidManifest.xml:11:5-15:19
MERGED from [com.android.support:appcompat-v7:24.2.1] AndroidManifest.xml:25:5-20
MERGED from [com.android.support:support-v4:24.2.1] AndroidManifest.xml:25:5-20
MERGED from [com.android.support:support-fragment:24.2.1] AndroidManifest.xml:25:5-20
MERGED from [com.android.support:support-media-compat:24.2.1] AndroidManifest.xml:25:5-20
MERGED from [com.android.support:support-core-ui:25.1.0] AndroidManifest.xml:25:5-20
MERGED from [com.android.support:support-core-utils:24.2.1] AndroidManifest.xml:25:5-20
MERGED from [com.android.support:animated-vector-drawable:24.2.1] AndroidManifest.xml:22:5-20
MERGED from [com.android.support:support-vector-drawable:24.2.1] AndroidManifest.xml:23:5-20
MERGED from [com.android.support:support-compat:25.1.0] AndroidManifest.xml:25:5-20
	android:label
		ADDED from src/main/AndroidManifest.xml:17:9-41
	android:supportsRtl
		ADDED from [me.majiajie:pager-bottom-tab-strip:1.0.0] AndroidManifest.xml:14:9-35
	android:allowBackup
		ADDED from src/main/AndroidManifest.xml:15:9-35
	android:icon
		ADDED from src/main/AndroidManifest.xml:16:9-38
		REJECTED from [com.pnikosis:materialish-progress:1.0] AndroidManifest.xml:13:9-45
	android:theme
		ADDED from src/main/AndroidManifest.xml:19:9-44
	tools:replace
		ADDED from src/main/AndroidManifest.xml:18:9-37
	android:name
		ADDED from src/main/AndroidManifest.xml:14:9-61
activity#com.example.miaobaitiao.activity.WelcomActivity
ADDED from src/main/AndroidManifest.xml:20:9-28:20
	android:theme
		ADDED from src/main/AndroidManifest.xml:22:13-46
	android:name
		ADDED from src/main/AndroidManifest.xml:21:13-75
intent-filter#android.intent.action.MAIN+android.intent.category.LAUNCHER
ADDED from src/main/AndroidManifest.xml:23:13-27:29
action#android.intent.action.MAIN
ADDED from src/main/AndroidManifest.xml:24:17-69
	android:name
		ADDED from src/main/AndroidManifest.xml:24:25-66
category#android.intent.category.LAUNCHER
ADDED from src/main/AndroidManifest.xml:26:17-77
	android:name
		ADDED from src/main/AndroidManifest.xml:26:27-74
activity#com.example.miaobaitiao.activity.LoginActivity
ADDED from src/main/AndroidManifest.xml:29:9-31:35
	android:label
		ADDED from src/main/AndroidManifest.xml:31:13-32
	android:name
		ADDED from src/main/AndroidManifest.xml:30:13-74
activity#com.example.miaobaitiao.activity.SetPasswordActivity
ADDED from src/main/AndroidManifest.xml:32:9-34:36
	android:label
		ADDED from src/main/AndroidManifest.xml:34:13-33
	android:name
		ADDED from src/main/AndroidManifest.xml:33:13-80
activity#com.example.miaobaitiao.activity.MainActivity
ADDED from src/main/AndroidManifest.xml:35:9-37:34
	android:label
		ADDED from src/main/AndroidManifest.xml:37:13-31
	android:name
		ADDED from src/main/AndroidManifest.xml:36:13-73
activity#com.example.miaobaitiao.activity.AddOutAccountActivity
ADDED from src/main/AndroidManifest.xml:38:9-40:36
	android:label
		ADDED from src/main/AndroidManifest.xml:40:13-33
	android:name
		ADDED from src/main/AndroidManifest.xml:39:13-82
activity#com.example.miaobaitiao.activity.OutAccountInfoActivity
ADDED from src/main/AndroidManifest.xml:41:9-43:36
	android:label
		ADDED from src/main/AndroidManifest.xml:43:13-33
	android:name
		ADDED from src/main/AndroidManifest.xml:42:13-83
activity#com.example.miaobaitiao.activity.AddInAccountActivity
ADDED from src/main/AndroidManifest.xml:44:9-46:36
	android:label
		ADDED from src/main/AndroidManifest.xml:46:13-33
	android:name
		ADDED from src/main/AndroidManifest.xml:45:13-81
activity#com.example.miaobaitiao.activity.InAccountInfoActivity
ADDED from src/main/AndroidManifest.xml:47:9-49:36
	android:label
		ADDED from src/main/AndroidManifest.xml:49:13-33
	android:name
		ADDED from src/main/AndroidManifest.xml:48:13-82
activity#com.example.miaobaitiao.activity.SystemSetActivity
ADDED from src/main/AndroidManifest.xml:50:9-52:36
	android:label
		ADDED from src/main/AndroidManifest.xml:52:13-33
	android:name
		ADDED from src/main/AndroidManifest.xml:51:13-78
activity#com.example.miaobaitiao.activity.AccountFlagActivity
ADDED from src/main/AndroidManifest.xml:53:9-55:36
	android:label
		ADDED from src/main/AndroidManifest.xml:55:13-33
	android:name
		ADDED from src/main/AndroidManifest.xml:54:13-80
activity#com.example.miaobaitiao.activity.ShowAccountInfoActivity
ADDED from src/main/AndroidManifest.xml:56:9-58:36
	android:label
		ADDED from src/main/AndroidManifest.xml:58:13-33
	android:name
		ADDED from src/main/AndroidManifest.xml:57:13-84
meta-data#UMENG_APPKEY
ADDED from src/main/AndroidManifest.xml:60:9-62:56
	android:value
		ADDED from src/main/AndroidManifest.xml:62:13-53
	android:name
		ADDED from src/main/AndroidManifest.xml:61:13-40
meta-data#UMENG_CHANNEL
ADDED from src/main/AndroidManifest.xml:63:9-65:37
	android:value
		ADDED from src/main/AndroidManifest.xml:65:13-34
	android:name
		ADDED from src/main/AndroidManifest.xml:64:13-41
activity#com.example.miaobaitiao.activity.Main2Activity
ADDED from src/main/AndroidManifest.xml:67:9-69:51
	android:theme
		ADDED from src/main/AndroidManifest.xml:69:13-48
	android:name
		ADDED from src/main/AndroidManifest.xml:68:13-74
activity#com.example.miaobaitiao.activity.GuideActivity
ADDED from src/main/AndroidManifest.xml:70:9-72:54
	android:theme
		ADDED from src/main/AndroidManifest.xml:72:13-51
	android:name
		ADDED from src/main/AndroidManifest.xml:71:13-74
activity#com.example.miaobaitiao.activity.HomeActivity
ADDED from src/main/AndroidManifest.xml:73:9-82
	android:name
		ADDED from src/main/AndroidManifest.xml:73:19-79
activity#com.example.miaobaitiao.activity.HtmlActivity
ADDED from src/main/AndroidManifest.xml:74:9-82
	android:name
		ADDED from src/main/AndroidManifest.xml:74:19-79
meta-data#com.example.miaobaitiao.adapter.MyGlideModule
ADDED from src/main/AndroidManifest.xml:76:9-78:43
	android:value
		ADDED from src/main/AndroidManifest.xml:78:13-40
	android:name
		ADDED from src/main/AndroidManifest.xml:77:13-73
activity#com.example.miaobaitiao.activity.ProductActivity
ADDED from src/main/AndroidManifest.xml:80:9-85
	android:name
		ADDED from src/main/AndroidManifest.xml:80:19-82
activity#com.example.miaobaitiao.activity.Login2Activity
ADDED from src/main/AndroidManifest.xml:81:9-93
	android:name
		ADDED from src/main/AndroidManifest.xml:81:19-81
uses-sdk
INJECTED from src/main/AndroidManifest.xml reason: use-sdk injection requested
MERGED from [cn.bingoogolapple:bga-banner:2.1.6] AndroidManifest.xml:6:5-8:41
MERGED from [com.android.volley:volley:1.0.0] AndroidManifest.xml:7:5-43
MERGED from [me.majiajie:pager-bottom-tab-strip:1.0.0] AndroidManifest.xml:7:5-9:41
MERGED from [com.facebook.fresco:fresco:0.14.1] AndroidManifest.xml:5:5-7:41
MERGED from [com.facebook.fresco:drawee:0.14.1] AndroidManifest.xml:5:5-7:41
MERGED from [com.facebook.fresco:imagepipeline:0.14.1] AndroidManifest.xml:5:5-7:41
MERGED from [com.facebook.fresco:imagepipeline-base:0.14.1] AndroidManifest.xml:5:5-7:41
MERGED from [com.facebook.fresco:fbcore:0.14.1] AndroidManifest.xml:5:5-7:41
MERGED from [com.github.CymChad:BaseRecyclerViewAdapterHelper:2.9.12] AndroidManifest.xml:7:5-9:41
MERGED from [com.github.siyamed:android-shape-imageview:0.9.3] AndroidManifest.xml:8:5-10:41
MERGED from [com.android.support.constraint:constraint-layout:1.0.0-beta4] AndroidManifest.xml:5:5-7:41
MERGED from [com.android.support:design:24.2.0] AndroidManifest.xml:20:5-43
MERGED from [com.android.support:recyclerview-v7:25.1.0] AndroidManifest.xml:20:5-43
MERGED from [com.github.open-android:RoundedImageView:v1.0.0] AndroidManifest.xml:7:5-44
MERGED from [com.kaopiz:kprogresshud:1.0.5] AndroidManifest.xml:7:5-9:41
MERGED from [com.sdsmdg.tastytoast:tastytoast:0.1.1] AndroidManifest.xml:7:5-9:41
MERGED from [cn.pedant.sweetalert:library:1.3] AndroidManifest.xml:7:5-9:41
MERGED from [com.pnikosis:materialish-progress:1.0] AndroidManifest.xml:7:5-9:41
MERGED from [com.android.support:appcompat-v7:24.2.1] AndroidManifest.xml:21:5-23:78
MERGED from [com.android.support:support-v4:24.2.1] AndroidManifest.xml:21:5-23:54
MERGED from [com.android.support:support-fragment:24.2.1] AndroidManifest.xml:21:5-23:60
MERGED from [com.android.support:support-media-compat:24.2.1] AndroidManifest.xml:21:5-23:63
MERGED from [com.android.support:support-core-ui:25.1.0] AndroidManifest.xml:21:5-23:58
MERGED from [com.android.support:support-core-utils:24.2.1] AndroidManifest.xml:21:5-23:61
MERGED from [com.android.support:animated-vector-drawable:24.2.1] AndroidManifest.xml:20:5-44
MERGED from [com.android.support:support-vector-drawable:24.2.1] AndroidManifest.xml:21:5-43
MERGED from [com.android.support:support-compat:25.1.0] AndroidManifest.xml:21:5-23:58
	tools:overrideLibrary
		ADDED from [com.android.support:appcompat-v7:24.2.1] AndroidManifest.xml:23:9-75
	android:targetSdkVersion
		INJECTED from src/main/AndroidManifest.xml
		INJECTED from src/main/AndroidManifest.xml
	android:minSdkVersion
		INJECTED from src/main/AndroidManifest.xml
		INJECTED from src/main/AndroidManifest.xml